<?xml version="1.0" encoding="UTF-8"?>
<testng-results ignored="0" total="1" passed="1" failed="0" skipped="0">
  <reporter-output>
  </reporter-output>
  <suite started-at="2023-09-22T17:58:55 UTC" name="Default suite" finished-at="2023-09-22T17:59:54 UTC" duration-ms="58968">
    <groups>
      <group name="cucumber">
        <method signature="AbstractTestNGCucumberTests.runScenario(io.cucumber.testng.PickleWrapper,io.cucumber.testng.FeatureWrapper)[pri:0, instance:com.sat.TestRunner.Current_workTestRunner@53aac487]" name="runScenario" class="io.cucumber.testng.AbstractTestNGCucumberTests"/>
      </group> <!-- cucumber -->
    </groups>
    <test started-at="2023-09-22T17:58:55 UTC" name="Default test" finished-at="2023-09-22T17:59:54 UTC" duration-ms="58968">
      <class name="com.sat.TestRunner.Current_workTestRunner">
        <test-method is-config="true" signature="setUpClass()[pri:0, instance:com.sat.TestRunner.Current_workTestRunner@53aac487]" started-at="2023-09-22T17:58:55 UTC" name="setUpClass" finished-at="2023-09-22T17:58:56 UTC" duration-ms="898" status="PASS">
          <reporter-output>
          </reporter-output>
        </test-method> <!-- setUpClass -->
        <test-method signature="runScenario(io.cucumber.testng.PickleWrapper,io.cucumber.testng.FeatureWrapper)[pri:0, instance:com.sat.TestRunner.Current_workTestRunner@53aac487]" started-at="2023-09-22T17:58:56 UTC" name="runScenario" description="Runs Cucumber Scenarios" data-provider="scenarios" finished-at="2023-09-22T17:59:53 UTC" duration-ms="57300" status="PASS">
          <params>
            <param index="0">
              <value>
                <![CDATA["Validation of left panel in admin section"]]>
              </value>
            </param>
            <param index="1">
              <value>
                <![CDATA["Validation of life time/final pick up time of item"]]>
              </value>
            </param>
          </params>
          <reporter-output>
          </reporter-output>
        </test-method> <!-- runScenario -->
        <test-method is-config="true" signature="tearDownClass()[pri:0, instance:com.sat.TestRunner.Current_workTestRunner@53aac487]" started-at="2023-09-22T17:59:53 UTC" name="tearDownClass" finished-at="2023-09-22T17:59:54 UTC" duration-ms="712" status="PASS">
          <reporter-output>
          </reporter-output>
        </test-method> <!-- tearDownClass -->
      </class> <!-- com.sat.TestRunner.Current_workTestRunner -->
    </test> <!-- Default test -->
  </suite> <!-- Default suite -->
</testng-results>
